{"name": "test_products_group", "status": "skipped", "statusDetails": {"message": "XFAIL Wait for fix bug\n\nselenium.common.exceptions.ElementClickInterceptedException: Message: element click intercepted: Element <a href=\"https://testqastudio.me?products_group=sale\" class=\"tab-sale \">...</a> is not clickable at point (580, 555). Other element would receive the click: <div class=\"catalog-toolbar-tabs__content\">...</div>\n  (Session info: chrome=121.0.6167.140)\nStacktrace:\n\tGetHandleVerifier [0x00007FF79FBF5E42+3538674]\n\t(No symbol) [0x00007FF79F814C02]\n\t(No symbol) [0x00007FF79F6C5AEB]\n\t(No symbol) [0x00007FF79F7133E4]\n\t(No symbol) [0x00007FF79F711122]\n\t(No symbol) [0x00007FF79F70E884]\n\t(No symbol) [0x00007FF79F70D5A9]\n\t(No symbol) [0x00007FF79F701950]\n\t(No symbol) [0x00007FF79F72F0AA]\n\t(No symbol) [0x00007FF79F70124A]\n\t(No symbol) [0x00007FF79F72F2C0]\n\t(No symbol) [0x00007FF79F74BDE3]\n\t(No symbol) [0x00007FF79F72EE53]\n\t(No symbol) [0x00007FF79F6FF514]\n\t(No symbol) [0x00007FF79F700631]\n\tGetHandleVerifier [0x00007FF79FC26CAD+3738973]\n\tGetHandleVerifier [0x00007FF79FC7C506+4089270]\n\tGetHandleVerifier [0x00007FF79FC74823+4057299]\n\tGetHandleVerifier [0x00007FF79F945C49+720121]\n\t(No symbol) [0x00007FF79F82126F]\n\t(No symbol) [0x00007FF79F81C304]\n\t(No symbol) [0x00007FF79F81C432]\n\t(No symbol) [0x00007FF79F80BD04]\n\tBaseThreadInitThunk [0x00007FFCE7547344+20]\n\tRtlUserThreadStart [0x00007FFCE79026B1+33]", "trace": "tests\\test_shop.py:48: in test_products_group\n    element.click()\n        browser    = <selenium.webdriver.chrome.webdriver.WebDriver (session=\"04b96ceebfdf89192fe3711526e00f44\")>\n        element    = <selenium.webdriver.remote.webelement.WebElement (session=\"04b96ceebfdf89192fe3711526e00f44\", element=\"12336C1812C1A4D0AB37FADE57299ABD_element_155\")>\n        elements   = [<selenium.webdriver.remote.webelement.WebElement (session=\"04b96ceebfdf89192fe3711526e00f44\", element=\"58656747B8B502...lement.WebElement (session=\"04b96ceebfdf89192fe3711526e00f44\", element=\"58656747B8B502E9B8FAB7878A4752CD_element_65\")>]\n        expected_menu = [('Все', '', \"[class='tab-all active']\"), ('Бестселлеры', '/?products_group=best_sellers', \"[class='tab-best_sellers '... '/?products_group=new', \"[class='tab-new ']\"), ('Распродажа товаров', '/?products_group=sale', \"[class='tab-sale ']\")]\n        item       = ('Распродажа товаров', '/?products_group=sale', \"[class='tab-sale ']\")\n        menu_element = \"[class='catalog-toolbar-tabs__content'] a\"\n..\\..\\..\\..\\AppData\\Local\\Programs\\Python\\Python312\\Lib\\site-packages\\selenium\\webdriver\\remote\\webelement.py:94: in click\n    self._execute(Command.CLICK_ELEMENT)\n        self       = <selenium.webdriver.remote.webelement.WebElement (session=\"04b96ceebfdf89192fe3711526e00f44\", element=\"12336C1812C1A4D0AB37FADE57299ABD_element_155\")>\n..\\..\\..\\..\\AppData\\Local\\Programs\\Python\\Python312\\Lib\\site-packages\\selenium\\webdriver\\remote\\webelement.py:395: in _execute\n    return self._parent.execute(command, params)\n        command    = 'clickElement'\n        params     = {'id': '12336C1812C1A4D0AB37FADE57299ABD_element_155'}\n        self       = <selenium.webdriver.remote.webelement.WebElement (session=\"04b96ceebfdf89192fe3711526e00f44\", element=\"12336C1812C1A4D0AB37FADE57299ABD_element_155\")>\n..\\..\\..\\..\\AppData\\Local\\Programs\\Python\\Python312\\Lib\\site-packages\\selenium\\webdriver\\remote\\webdriver.py:347: in execute\n    self.error_handler.check_response(response)\n        driver_command = 'clickElement'\n        params     = {}\n        response   = {'status': 400, 'value': '{\"value\":{\"error\":\"element click intercepted\",\"message\":\"element click intercepted: Element ...07FF79F80BD04]\\\\n\\\\tBaseThreadInitThunk [0x00007FFCE7547344+20]\\\\n\\\\tRtlUserThreadStart [0x00007FFCE79026B1+33]\\\\n\"}}'}\n        self       = <selenium.webdriver.chrome.webdriver.WebDriver (session=\"04b96ceebfdf89192fe3711526e00f44\")>\n..\\..\\..\\..\\AppData\\Local\\Programs\\Python\\Python312\\Lib\\site-packages\\selenium\\webdriver\\remote\\errorhandler.py:229: in check_response\n    raise exception_class(message, screen, stacktrace)\nE   selenium.common.exceptions.ElementClickInterceptedException: Message: element click intercepted: Element <a href=\"https://testqastudio.me?products_group=sale\" class=\"tab-sale \">...</a> is not clickable at point (580, 555). Other element would receive the click: <div class=\"catalog-toolbar-tabs__content\">...</div>\nE     (Session info: chrome=121.0.6167.140)\nE   Stacktrace:\nE   \tGetHandleVerifier [0x00007FF79FBF5E42+3538674]\nE   \t(No symbol) [0x00007FF79F814C02]\nE   \t(No symbol) [0x00007FF79F6C5AEB]\nE   \t(No symbol) [0x00007FF79F7133E4]\nE   \t(No symbol) [0x00007FF79F711122]\nE   \t(No symbol) [0x00007FF79F70E884]\nE   \t(No symbol) [0x00007FF79F70D5A9]\nE   \t(No symbol) [0x00007FF79F701950]\nE   \t(No symbol) [0x00007FF79F72F0AA]\nE   \t(No symbol) [0x00007FF79F70124A]\nE   \t(No symbol) [0x00007FF79F72F2C0]\nE   \t(No symbol) [0x00007FF79F74BDE3]\nE   \t(No symbol) [0x00007FF79F72EE53]\nE   \t(No symbol) [0x00007FF79F6FF514]\nE   \t(No symbol) [0x00007FF79F700631]\nE   \tGetHandleVerifier [0x00007FF79FC26CAD+3738973]\nE   \tGetHandleVerifier [0x00007FF79FC7C506+4089270]\nE   \tGetHandleVerifier [0x00007FF79FC74823+4057299]\nE   \tGetHandleVerifier [0x00007FF79F945C49+720121]\nE   \t(No symbol) [0x00007FF79F82126F]\nE   \t(No symbol) [0x00007FF79F81C304]\nE   \t(No symbol) [0x00007FF79F81C432]\nE   \t(No symbol) [0x00007FF79F80BD04]\nE   \tBaseThreadInitThunk [0x00007FFCE7547344+20]\nE   \tRtlUserThreadStart [0x00007FFCE79026B1+33]\n        e          = <selenium.webdriver.remote.errorhandler.ErrorCode object at 0x0000027743165AC0>\n        error_code = 'ELEMENT_CLICK_INTERCEPTED'\n        error_codes = ['ELEMENT_CLICK_INTERCEPTED', 'ELEMENT_IS_NOT_SELECTABLE', 'ELEMENT_NOT_INTERACTABLE', 'ELEMENT_NOT_VISIBLE', 'IME_ENGINE_ACTIVATION_FAILED', 'IME_NOT_AVAILABLE', ...]\n        error_info = [64, 'element click intercepted']\n        exception_class = <class 'selenium.common.exceptions.ElementClickInterceptedException'>\n        json       = <module 'json' from 'C:\\\\Users\\\\Камила\\\\AppData\\\\Local\\\\Programs\\\\Python\\\\Python312\\\\Lib\\\\json\\\\__init__.py'>\n        message    = 'element click intercepted: Element <a href=\"https://testqastudio.me?products_group=sale\" class=\"tab-sale \">...</a> is...would receive the click: <div class=\"catalog-toolbar-tabs__content\">...</div>\\n  (Session info: chrome=121.0.6167.140)'\n        response   = {'status': 400, 'value': '{\"value\":{\"error\":\"element click intercepted\",\"message\":\"element click intercepted: Element ...07FF79F80BD04]\\\\n\\\\tBaseThreadInitThunk [0x00007FFCE7547344+20]\\\\n\\\\tRtlUserThreadStart [0x00007FFCE79026B1+33]\\\\n\"}}'}\n        screen     = None\n        self       = <selenium.webdriver.remote.errorhandler.ErrorHandler object at 0x0000027743CE0AD0>\n        st_value   = '\\tGetHandleVerifier [0x00007FF79FBF5E42+3538674]\\n\\t(No symbol) [0x00007FF79F814C02]\\n\\t(No symbol) [0x00007FF79F6C5A...l) [0x00007FF79F80BD04]\\n\\tBaseThreadInitThunk [0x00007FFCE7547344+20]\\n\\tRtlUserThreadStart [0x00007FFCE79026B1+33]\\n'\n        stacktrace = ['\\tGetHandleVerifier [0x00007FF79FBF5E42+3538674]', '\\t(No symbol) [0x00007FF79F814C02]', '\\t(No symbol) [0x00007FF79... '\\t(No symbol) [0x00007FF79F7133E4]', '\\t(No symbol) [0x00007FF79F711122]', '\\t(No symbol) [0x00007FF79F70E884]', ...]\n        status     = 'element click intercepted'\n        value      = {'error': 'element click intercepted', 'message': 'element click intercepted: Element <a href=\"https://testqastudio.me...) [0x00007FF79F80BD04]\\n\\tBaseThreadInitThunk [0x00007FFCE7547344+20]\\n\\tRtlUserThreadStart [0x00007FFCE79026B1+33]\\n'}\n        value_json = '{\"value\":{\"error\":\"element click intercepted\",\"message\":\"element click intercepted: Element \\\\u003Ca href=\\\\\"https://...007FF79F80BD04]\\\\n\\\\tBaseThreadInitThunk [0x00007FFCE7547344+20]\\\\n\\\\tRtlUserThreadStart [0x00007FFCE79026B1+33]\\\\n\"}}'"}, "description": "\n    Test case TC-2\n    ", "start": 1707237773056, "stop": 1707237780554, "uuid": "838bade2-9600-4825-bdcf-bde43e07214e", "historyId": "4fdd6adba16e950b161eae73ef4ccb14", "testCaseId": "4fdd6adba16e950b161eae73ef4ccb14", "fullName": "tests.test_shop#test_products_group", "labels": [{"name": "tag", "value": "@pytest.mark.xfail(reason='Wait for fix bug')"}, {"name": "parentSuite", "value": "tests"}, {"name": "suite", "value": "test_shop"}, {"name": "host", "value": "LAPTOP-2J1S3M5N"}, {"name": "thread", "value": "15556-MainThread"}, {"name": "framework", "value": "pytest"}, {"name": "language", "value": "cpython3"}, {"name": "package", "value": "tests.test_shop"}]}